[debug] [2024-03-11T17:47:58.463Z] ----------------------------------------------------------------------
[debug] [2024-03-11T17:47:58.466Z] Command:       C:\Program Files\nodejs\node.exe C:\Users\andre\AppData\Roaming\npm\node_modules\firebase-tools\lib\bin\firebase.js init
[debug] [2024-03-11T17:47:58.466Z] CLI Version:   13.4.1
[debug] [2024-03-11T17:47:58.466Z] Platform:      win32
[debug] [2024-03-11T17:47:58.466Z] Node Version:  v20.11.0
[debug] [2024-03-11T17:47:58.466Z] Time:          Mon Mar 11 2024 11:47:58 GMT-0600 (hora estándar central)
[debug] [2024-03-11T17:47:58.466Z] ----------------------------------------------------------------------
[debug] 
[debug] [2024-03-11T17:47:58.472Z] > command requires scopes: ["email","openid","https://www.googleapis.com/auth/cloudplatformprojects.readonly","https://www.googleapis.com/auth/firebase","https://www.googleapis.com/auth/cloud-platform"]
[debug] [2024-03-11T17:47:58.472Z] > authorizing via signed-in user (za210111560@zapopan.tecmm.edu.mx)
[info] 
     ######## #### ########  ######## ########     ###     ######  ########
     ##        ##  ##     ## ##       ##     ##  ##   ##  ##       ##
     ######    ##  ########  ######   ########  #########  ######  ######
     ##        ##  ##    ##  ##       ##     ## ##     ##       ## ##
     ##       #### ##     ## ######## ########  ##     ##  ######  ########

You're about to initialize a Firebase project in this directory:

  C:\Users\andre\OneDrive\Documentos\GitHub\AngularTranning-\Practica_4

[info] 
=== Project Setup
[info] 
[info] First, let's associate this project directory with a Firebase project.
[info] You can create multiple project aliases by running firebase use --add, 
[info] but for now we'll just set up a default project.
[info] 
[debug] [2024-03-11T17:48:28.399Z] >>> [apiv2][query] GET https://firebase.googleapis.com/v1beta1/projects pageSize=100
[debug] [2024-03-11T17:48:28.873Z] <<< [apiv2][status] GET https://firebase.googleapis.com/v1beta1/projects 200
[debug] [2024-03-11T17:48:28.873Z] <<< [apiv2][body] GET https://firebase.googleapis.com/v1beta1/projects [omitted]
[info] i  Using project testing-ad82b (testing) 
[info] 
=== Hosting Setup
[debug] [2024-03-11T17:49:05.179Z] >>> [apiv2][query] GET https://firebase.googleapis.com/v1beta1/projects/testing-ad82b [none]
[debug] [2024-03-11T17:49:05.467Z] <<< [apiv2][status] GET https://firebase.googleapis.com/v1beta1/projects/testing-ad82b 200
[debug] [2024-03-11T17:49:05.467Z] <<< [apiv2][body] GET https://firebase.googleapis.com/v1beta1/projects/testing-ad82b {"projectId":"testing-ad82b","projectNumber":"1007828774015","displayName":"testing","name":"projects/testing-ad82b","resources":{"hostingSite":"testing-ad82b"},"state":"ACTIVE","etag":"1_59387d87-780e-49bc-85e6-e406968c8d5d"}
[info] 
[info] Your public directory is the folder (relative to your project directory) that
[info] will contain Hosting assets to be uploaded with firebase deploy. If you
[info] have a build process for your assets, use your build's output directory.
[info] 
[debug] [2024-03-11T17:50:49.032Z] >>> [apiv2][query] GET https://www.gstatic.com/firebasejs/releases.json [none]
[debug] [2024-03-11T17:50:49.210Z] <<< [apiv2][status] GET https://www.gstatic.com/firebasejs/releases.json 200
[debug] [2024-03-11T17:50:49.210Z] <<< [apiv2][body] GET https://www.gstatic.com/firebasejs/releases.json {"current":{"version":"10.8.1","browserURL":"https://www.gstatic.com/firebasejs/10.8.1/firebase.js","packageURL":"https://www.gstatic.com/firebasejs/10.8.1/firebase.tgz"},"live":{"version":"10.8","browserURL":"https://www.gstatic.com/firebasejs/live/10.8/firebase.js","packageURL":"https://www.gstatic.com/firebasejs/live/10.8/firebase.tgz"},"components":{"analytics":"https://www.gstatic.com/firebasejs/10.8.1/firebase-analytics.js","app":"https://www.gstatic.com/firebasejs/10.8.1/firebase-app.js","app-check":"https://www.gstatic.com/firebasejs/10.8.1/firebase-app-check.js","auth":"https://www.gstatic.com/firebasejs/10.8.1/firebase-auth.js","auth/cordova":"https://www.gstatic.com/firebasejs/10.8.1/firebase-auth/cordova.js","auth/web-extension":"https://www.gstatic.com/firebasejs/10.8.1/firebase-auth/web-extension.js","functions":"https://www.gstatic.com/firebasejs/10.8.1/firebase-functions.js","firestore":"https://www.gstatic.com/firebasejs/10.8.1/firebase-firestore.js","firestore/lite":"https://www.gstatic.com/firebasejs/10.8.1/firebase-firestore/lite.js","installations":"https://www.gstatic.com/firebasejs/10.8.1/firebase-installations.js","storage":"https://www.gstatic.com/firebasejs/10.8.1/firebase-storage.js","performance":"https://www.gstatic.com/firebasejs/10.8.1/firebase-performance.js","remote-config":"https://www.gstatic.com/firebasejs/10.8.1/firebase-remote-config.js","messaging":"https://www.gstatic.com/firebasejs/10.8.1/firebase-messaging.js","messaging/sw":"https://www.gstatic.com/firebasejs/10.8.1/firebase-messaging/sw.js","database":"https://www.gstatic.com/firebasejs/10.8.1/firebase-database.js","firestore.memory":"https://www.gstatic.com/firebasejs/10.8.1/firebase-firestore.memory.js"}}
[info] +  Wrote public/index.html 
[info] 
[info] i  Detected a .git folder at C:\Users\andre\OneDrive\Documentos\GitHub\AngularTranning- 
[info] i  Authorizing with GitHub to upload your service account to a GitHub repository's secrets store. 
[info] 
[info] Visit this URL on this device to log in:
[info] https://github.com/login/oauth/authorize?client_id=89cf50f02ac6aaed3484&state=440357075&redirect_uri=http%3A%2F%2Flocalhost%3A9005&scope=read%3Auser%20repo%20public_repo
[info] 
[info] Waiting for authentication...
[debug] [2024-03-11T17:51:19.602Z] >>> [apiv2][query] POST https://github.com/login/oauth/access_token [none]
[debug] [2024-03-11T17:51:19.603Z] >>> [apiv2][body] POST https://github.com/login/oauth/access_token [stream]
[debug] [2024-03-11T17:51:20.043Z] <<< [apiv2][status] POST https://github.com/login/oauth/access_token 200
[debug] [2024-03-11T17:51:20.043Z] <<< [apiv2][body] POST https://github.com/login/oauth/access_token {"access_token":"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","token_type":"bearer","scope":"read:user,repo"}
[debug] [2024-03-11T17:51:20.051Z] >>> [apiv2][query] GET https://api.github.com/user [none]
[debug] [2024-03-11T17:51:20.467Z] <<< [apiv2][status] GET https://api.github.com/user 200
[debug] [2024-03-11T17:51:20.467Z] <<< [apiv2][body] GET https://api.github.com/user {"login":"Flores-Romero-Andres-Gael","id":124108419,"node_id":"U_kgDOB2W-gw","avatar_url":"https://avatars.githubusercontent.com/u/124108419?v=4","gravatar_id":"","url":"https://api.github.com/users/Flores-Romero-Andres-Gael","html_url":"https://github.com/Flores-Romero-Andres-Gael","followers_url":"https://api.github.com/users/Flores-Romero-Andres-Gael/followers","following_url":"https://api.github.com/users/Flores-Romero-Andres-Gael/following{/other_user}","gists_url":"https://api.github.com/users/Flores-Romero-Andres-Gael/gists{/gist_id}","starred_url":"https://api.github.com/users/Flores-Romero-Andres-Gael/starred{/owner}{/repo}","subscriptions_url":"https://api.github.com/users/Flores-Romero-Andres-Gael/subscriptions","organizations_url":"https://api.github.com/users/Flores-Romero-Andres-Gael/orgs","repos_url":"https://api.github.com/users/Flores-Romero-Andres-Gael/repos","events_url":"https://api.github.com/users/Flores-Romero-Andres-Gael/events{/privacy}","received_events_url":"https://api.github.com/users/Flores-Romero-Andres-Gael/received_events","type":"User","site_admin":false,"name":"Gael Flores","company":null,"blog":"www.linkedin.com/in/gael-flores-b2b722264","location":"Mexico, Jalisco Guadalajara / Zapopan","email":null,"hireable":null,"bio":null,"twitter_username":null,"public_repos":14,"public_gists":0,"followers":3,"following":2,"created_at":"2023-02-01T00:53:24Z","updated_at":"2024-03-04T13:48:19Z","private_gists":0,"total_private_repos":3,"owned_private_repos":3,"disk_usage":7397,"collaborators":2,"two_factor_authentication":true,"plan":{"name":"pro","space":976562499,"collaborators":0,"private_repos":9999}}
[info] 
[info] +  Success! Logged into GitHub as Flores-Romero-Andres-Gael 
[info] 
